build/app/outputs/mapping/release/mapping.txt
# compiler: R8
# compiler_version: 1.5.64
# min_api: 16
# pg_map_id: 342ce4f
...
io.flutter.embedding.engine.systemchannels.PlatformChannel$1 -> io.flutter.embedding.engine.i.g$a:
    io.flutter.embedding.engine.systemchannels.PlatformChannel this$0 -> a
    void onMethodCall(io.flutter.plugin.common.MethodCall,io.flutter.plugin.common.MethodChannel$Result) -> a
io.flutter.embedding.engine.systemchannels.PlatformChannel$2 -> io.flutter.embedding.engine.i.g$b:
    int[] $SwitchMap$io$flutter$embedding$engine$systemchannels$PlatformChannel$SystemUiOverlay -> b
    int[] $SwitchMap$io$flutter$embedding$engine$systemchannels$PlatformChannel$DeviceOrientation -> a
io.flutter.embedding.engine.systemchannels.PlatformChannel$AppSwitcherDescription -> io.flutter.embedding.engine.i.g$c:
    java.lang.String label -> b
    int color -> a
io.flutter.embedding.engine.systemchannels.PlatformChannel$Brightness -> io.flutter.embedding.engine.i.g$d:
    io.flutter.embedding.engine.systemchannels.PlatformChannel$Brightness[] $VALUES -> d
    io.flutter.embedding.engine.systemchannels.PlatformChannel$Brightness LIGHT -> b
    java.lang.String encodedName -> a
    io.flutter.embedding.engine.systemchannels.PlatformChannel$Brightness DARK -> c
    io.flutter.embedding.engine.systemchannels.PlatformChannel$Brightness fromValue(java.lang.String) -> a
io.flutter.embedding.engine.systemchannels.PlatformChannel$ClipboardContentFormat -> io.flutter.embedding.engine.i.g$e:
    io.flutter.embedding.engine.systemchannels.PlatformChannel$ClipboardContentFormat[] $VALUES -> c
    java.lang.String encodedName -> a
    io.flutter.embedding.engine.systemchannels.PlatformChannel$ClipboardContentFormat PLAIN_TEXT -> b
    io.flutter.embedding.engine.systemchannels.PlatformChannel$ClipboardContentFormat fromValue(java.lang.String) -> a
io.flutter.embedding.engine.systemchannels.PlatformChannel$DeviceOrientation -> io.flutter.embedding.engine.i.g$f:
    io.flutter.embedding.engine.systemchannels.PlatformChannel$DeviceOrientation PORTRAIT_UP -> b
    io.flutter.embedding.engine.systemchannels.PlatformChannel$DeviceOrientation[] $VALUES -> f
    java.lang.String encodedName -> a
    io.flutter.embedding.engine.systemchannels.PlatformChannel$DeviceOrientation LANDSCAPE_RIGHT -> e
    io.flutter.embedding.engine.systemchannels.PlatformChannel$DeviceOrientation LANDSCAPE_LEFT -> d
    io.flutter.embedding.engine.systemchannels.PlatformChannel$DeviceOrientation PORTRAIT_DOWN -> c
    io.flutter.embedding.engine.systemchannels.PlatformChannel$DeviceOrientation fromValue(java.lang.String) -> a
io.flutter.embedding.engine.systemchannels.PlatformChannel$HapticFeedbackType -> io.flutter.embedding.engine.i.g$g:
    io.flutter.embedding.engine.systemchannels.PlatformChannel$HapticFeedbackType[] $VALUES -> g
    io.flutter.embedding.engine.systemchannels.PlatformChannel$HapticFeedbackType HEAVY_IMPACT -> e
    io.flutter.embedding.engine.systemchannels.PlatformChannel$HapticFeedbackType SELECTION_CLICK -> f
    io.flutter.embedding.engine.systemchannels.PlatformChannel$HapticFeedbackType LIGHT_IMPACT -> c
    java.lang.String encodedName -> a
    io.flutter.embedding.engine.systemchannels.PlatformChannel$HapticFeedbackType MEDIUM_IMPACT -> d
    io.flutter.embedding.engine.systemchannels.PlatformChannel$HapticFeedbackType STANDARD -> b
    io.flutter.embedding.engine.systemchannels.PlatformChannel$HapticFeedbackType fromValue(java.lang.String) -> a